<?xml version="1.0" encoding="UTF-8"?>
<testng-results ignored="0" total="1" passed="1" failed="0" skipped="0">
  <reporter-output>
  </reporter-output>
  <suite started-at="2024-01-12T14:35:17 IST" name="Default suite" finished-at="2024-01-12T14:35:22 IST" duration-ms="4655">
    <groups>
    </groups>
    <test started-at="2024-01-12T14:35:17 IST" name="Default test" finished-at="2024-01-12T14:35:22 IST" duration-ms="4655">
      <class name="com.testng.NewTest2">
        <test-method signature="f(java.lang.String,java.lang.String)[pri:0, instance:com.testng.NewTest2@59474f18]" started-at="2024-01-12T14:35:17 IST" name="f" data-provider="dp" finished-at="2024-01-12T14:35:22 IST" duration-ms="4626" status="PASS">
          <params>
            <param index="0">
              <value>
                <![CDATA[suraj@123]]>
              </value>
            </param>
            <param index="1">
              <value>
                <![CDATA[123]]>
              </value>
            </param>
          </params>
          <reporter-output>
          </reporter-output>
        </test-method> <!-- f -->
      </class> <!-- com.testng.NewTest2 -->
    </test> <!-- Default test -->
  </suite> <!-- Default suite -->
</testng-results>
